[2022-11-22 12:25:18,707][ai4sci.ilsvrc_dataset][INFO] - input filelist contains 1281167 files, estimated batches per rank 625
[2022-11-22 12:25:21,000][ai4sci.ilsvrc_dataset][INFO] - input filelist contains 50000 files, estimated batches per rank 24
[2022-11-22 12:25:43,604][ai4sci.trainer][INFO] - [0] [0/1: 0 / 160145 (0%)] epoch=0.0000 dt=20.8538 running_loss=0.0000 batch_loss=0.0298 acc=0.0000 batch_acc=0.0039
[2022-11-22 12:25:50,454][ai4sci.trainer][INFO] - [0] [0/1: 2560 / 160145 (2%)] epoch=0.0000 dt=0.3456 running_loss=0.0005 batch_loss=0.0292 acc=0.0000 batch_acc=0.0000
[2022-11-22 12:25:54,321][ai4sci.trainer][INFO] - [0] [0/1: 5120 / 160145 (3%)] epoch=0.0000 dt=0.2561 running_loss=0.0010 batch_loss=0.0270 acc=0.0000 batch_acc=0.0000
[2022-11-22 12:25:58,540][ai4sci.trainer][INFO] - [0] [0/1: 7680 / 160145 (5%)] epoch=0.0000 dt=0.3646 running_loss=0.0014 batch_loss=0.0268 acc=0.0001 batch_acc=0.0000
[2022-11-22 12:26:03,059][ai4sci.trainer][INFO] - [0] [0/1: 10240 / 160145 (6%)] epoch=0.0000 dt=0.4393 running_loss=0.0018 batch_loss=0.0269 acc=0.0001 batch_acc=0.0039
[2022-11-22 12:26:09,431][ai4sci.trainer][INFO] - [0] [0/1: 12800 / 160145 (8%)] epoch=0.0000 dt=0.4532 running_loss=0.0023 batch_loss=0.0269 acc=0.0001 batch_acc=0.0000
[2022-11-22 12:26:13,888][ai4sci.trainer][INFO] - [0] [0/1: 15360 / 160145 (10%)] epoch=0.0000 dt=0.4195 running_loss=0.0027 batch_loss=0.0266 acc=0.0001 batch_acc=0.0000
[2022-11-22 12:26:18,351][ai4sci.trainer][INFO] - [0] [0/1: 17920 / 160145 (11%)] epoch=0.0000 dt=0.3794 running_loss=0.0031 batch_loss=0.0265 acc=0.0002 batch_acc=0.0039
[2022-11-22 12:26:22,741][ai4sci.trainer][INFO] - [0] [0/1: 20480 / 160145 (13%)] epoch=0.0000 dt=0.3826 running_loss=0.0035 batch_loss=0.0263 acc=0.0002 batch_acc=0.0078
[2022-11-22 12:26:27,235][ai4sci.trainer][INFO] - [0] [0/1: 23040 / 160145 (14%)] epoch=0.0000 dt=0.4267 running_loss=0.0040 batch_loss=0.0262 acc=0.0003 batch_acc=0.0000
[2022-11-22 12:26:31,641][ai4sci.trainer][INFO] - [0] [0/1: 25600 / 160145 (16%)] epoch=0.0000 dt=0.3994 running_loss=0.0044 batch_loss=0.0261 acc=0.0003 batch_acc=0.0039
[2022-11-22 12:26:36,177][ai4sci.trainer][INFO] - [0] [0/1: 28160 / 160145 (18%)] epoch=0.0000 dt=0.2460 running_loss=0.0048 batch_loss=0.0259 acc=0.0004 batch_acc=0.0039
[2022-11-22 12:26:40,601][ai4sci.trainer][INFO] - [0] [0/1: 30720 / 160145 (19%)] epoch=0.0000 dt=0.4493 running_loss=0.0052 batch_loss=0.0259 acc=0.0004 batch_acc=0.0000
[2022-11-22 12:26:45,142][ai4sci.trainer][INFO] - [0] [0/1: 33280 / 160145 (21%)] epoch=0.0000 dt=0.3831 running_loss=0.0056 batch_loss=0.0258 acc=0.0005 batch_acc=0.0039
[2022-11-22 12:26:49,616][ai4sci.trainer][INFO] - [0] [0/1: 35840 / 160145 (22%)] epoch=0.0000 dt=0.3809 running_loss=0.0060 batch_loss=0.0258 acc=0.0006 batch_acc=0.0039
[2022-11-22 12:26:54,228][ai4sci.trainer][INFO] - [0] [0/1: 38400 / 160145 (24%)] epoch=0.0000 dt=0.4659 running_loss=0.0064 batch_loss=0.0255 acc=0.0007 batch_acc=0.0039
[2022-11-22 12:26:58,876][ai4sci.trainer][INFO] - [0] [0/1: 40960 / 160145 (26%)] epoch=0.0000 dt=0.3900 running_loss=0.0068 batch_loss=0.0257 acc=0.0008 batch_acc=0.0039
[2022-11-22 12:27:03,373][ai4sci.trainer][INFO] - [0] [0/1: 43520 / 160145 (27%)] epoch=0.0000 dt=0.3863 running_loss=0.0072 batch_loss=0.0254 acc=0.0009 batch_acc=0.0039
[2022-11-22 12:27:07,819][ai4sci.trainer][INFO] - [0] [0/1: 46080 / 160145 (29%)] epoch=0.0000 dt=0.3467 running_loss=0.0077 batch_loss=0.0251 acc=0.0010 batch_acc=0.0039
[2022-11-22 12:27:11,958][ai4sci.trainer][INFO] - [0] [0/1: 48640 / 160145 (30%)] epoch=0.0000 dt=0.3023 running_loss=0.0081 batch_loss=0.0248 acc=0.0011 batch_acc=0.0078
[2022-11-22 12:27:16,373][ai4sci.trainer][INFO] - [0] [0/1: 51200 / 160145 (32%)] epoch=0.0000 dt=0.4466 running_loss=0.0085 batch_loss=0.0248 acc=0.0013 batch_acc=0.0117
[2022-11-22 12:27:20,741][ai4sci.trainer][INFO] - [0] [0/1: 53760 / 160145 (34%)] epoch=0.0000 dt=0.3957 running_loss=0.0089 batch_loss=0.0243 acc=0.0014 batch_acc=0.0117
[2022-11-22 12:27:25,182][ai4sci.trainer][INFO] - [0] [0/1: 56320 / 160145 (35%)] epoch=0.0000 dt=0.4043 running_loss=0.0093 batch_loss=0.0247 acc=0.0016 batch_acc=0.0078
[2022-11-22 12:27:29,676][ai4sci.trainer][INFO] - [0] [0/1: 58880 / 160145 (37%)] epoch=0.0000 dt=0.4150 running_loss=0.0096 batch_loss=0.0242 acc=0.0018 batch_acc=0.0117
[2022-11-22 12:27:34,210][ai4sci.trainer][INFO] - [0] [0/1: 61440 / 160145 (38%)] epoch=0.0000 dt=0.4662 running_loss=0.0100 batch_loss=0.0242 acc=0.0021 batch_acc=0.0078
[2022-11-22 12:27:38,627][ai4sci.trainer][INFO] - [0] [0/1: 64000 / 160145 (40%)] epoch=0.0000 dt=0.3144 running_loss=0.0104 batch_loss=0.0241 acc=0.0023 batch_acc=0.0078
[2022-11-22 12:27:42,886][ai4sci.trainer][INFO] - [0] [0/1: 66560 / 160145 (42%)] epoch=0.0000 dt=0.3612 running_loss=0.0108 batch_loss=0.0240 acc=0.0026 batch_acc=0.0195
[2022-11-22 12:27:47,618][ai4sci.trainer][INFO] - [0] [0/1: 69120 / 160145 (43%)] epoch=0.0000 dt=0.4196 running_loss=0.0112 batch_loss=0.0231 acc=0.0029 batch_acc=0.0117
[2022-11-22 12:27:51,894][ai4sci.trainer][INFO] - [0] [0/1: 71680 / 160145 (45%)] epoch=0.0000 dt=0.3955 running_loss=0.0115 batch_loss=0.0232 acc=0.0033 batch_acc=0.0078
[2022-11-22 12:27:55,985][ai4sci.trainer][INFO] - [0] [0/1: 74240 / 160145 (46%)] epoch=0.0000 dt=0.3882 running_loss=0.0119 batch_loss=0.0231 acc=0.0036 batch_acc=0.0078
[2022-11-22 12:28:00,011][ai4sci.trainer][INFO] - [0] [0/1: 76800 / 160145 (48%)] epoch=0.0000 dt=0.4183 running_loss=0.0123 batch_loss=0.0235 acc=0.0040 batch_acc=0.0430
[2022-11-22 12:28:04,102][ai4sci.trainer][INFO] - [0] [0/1: 79360 / 160145 (50%)] epoch=0.0000 dt=0.3830 running_loss=0.0127 batch_loss=0.0229 acc=0.0045 batch_acc=0.0273
[2022-11-22 12:28:08,447][ai4sci.trainer][INFO] - [0] [0/1: 81920 / 160145 (51%)] epoch=0.0000 dt=0.3371 running_loss=0.0130 batch_loss=0.0228 acc=0.0049 batch_acc=0.0312
[2022-11-22 12:28:12,410][ai4sci.trainer][INFO] - [0] [0/1: 84480 / 160145 (53%)] epoch=0.0000 dt=0.4238 running_loss=0.0134 batch_loss=0.0225 acc=0.0053 batch_acc=0.0352
[2022-11-22 12:28:16,469][ai4sci.trainer][INFO] - [0] [0/1: 87040 / 160145 (54%)] epoch=0.0000 dt=0.4298 running_loss=0.0137 batch_loss=0.0229 acc=0.0059 batch_acc=0.0273
[2022-11-22 12:28:20,398][ai4sci.trainer][INFO] - [0] [0/1: 89600 / 160145 (56%)] epoch=0.0000 dt=0.3756 running_loss=0.0141 batch_loss=0.0220 acc=0.0063 batch_acc=0.0273
[2022-11-22 12:28:24,506][ai4sci.trainer][INFO] - [0] [0/1: 92160 / 160145 (58%)] epoch=0.0000 dt=0.3484 running_loss=0.0145 batch_loss=0.0226 acc=0.0068 batch_acc=0.0430
[2022-11-22 12:28:28,493][ai4sci.trainer][INFO] - [0] [0/1: 94720 / 160145 (59%)] epoch=0.0000 dt=0.4350 running_loss=0.0148 batch_loss=0.0220 acc=0.0075 batch_acc=0.0391
[2022-11-22 12:28:32,430][ai4sci.trainer][INFO] - [0] [0/1: 97280 / 160145 (61%)] epoch=0.0000 dt=0.3356 running_loss=0.0152 batch_loss=0.0215 acc=0.0080 batch_acc=0.0195
[2022-11-22 12:28:36,637][ai4sci.trainer][INFO] - [0] [0/1: 99840 / 160145 (62%)] epoch=0.0000 dt=0.3656 running_loss=0.0155 batch_loss=0.0214 acc=0.0088 batch_acc=0.0664
[2022-11-22 12:28:40,485][ai4sci.trainer][INFO] - [0] [0/1: 102400 / 160145 (64%)] epoch=0.0000 dt=0.3680 running_loss=0.0159 batch_loss=0.0217 acc=0.0095 batch_acc=0.0312
[2022-11-22 12:28:44,610][ai4sci.trainer][INFO] - [0] [0/1: 104960 / 160145 (66%)] epoch=0.0000 dt=0.3084 running_loss=0.0162 batch_loss=0.0215 acc=0.0102 batch_acc=0.0469
[2022-11-22 12:28:48,630][ai4sci.trainer][INFO] - [0] [0/1: 107520 / 160145 (67%)] epoch=0.0000 dt=0.3785 running_loss=0.0165 batch_loss=0.0208 acc=0.0111 batch_acc=0.0781
[2022-11-22 12:28:52,806][ai4sci.trainer][INFO] - [0] [0/1: 110080 / 160145 (69%)] epoch=0.0000 dt=0.4665 running_loss=0.0169 batch_loss=0.0213 acc=0.0120 batch_acc=0.0508
[2022-11-22 12:28:56,858][ai4sci.trainer][INFO] - [0] [0/1: 112640 / 160145 (70%)] epoch=0.0000 dt=0.4227 running_loss=0.0172 batch_loss=0.0212 acc=0.0128 batch_acc=0.0508
[2022-11-22 12:29:00,993][ai4sci.trainer][INFO] - [0] [0/1: 115200 / 160145 (72%)] epoch=0.0000 dt=0.4123 running_loss=0.0176 batch_loss=0.0207 acc=0.0138 batch_acc=0.0391
[2022-11-22 12:29:05,190][ai4sci.trainer][INFO] - [0] [0/1: 117760 / 160145 (74%)] epoch=0.0000 dt=0.3752 running_loss=0.0179 batch_loss=0.0200 acc=0.0147 batch_acc=0.0820
[2022-11-22 12:29:09,570][ai4sci.trainer][INFO] - [0] [0/1: 120320 / 160145 (75%)] epoch=0.0000 dt=0.4059 running_loss=0.0182 batch_loss=0.0207 acc=0.0155 batch_acc=0.0586
[2022-11-22 12:29:14,142][ai4sci.trainer][INFO] - [0] [0/1: 122880 / 160145 (77%)] epoch=0.0000 dt=0.3862 running_loss=0.0186 batch_loss=0.0203 acc=0.0166 batch_acc=0.0742
[2022-11-22 12:29:18,305][ai4sci.trainer][INFO] - [0] [0/1: 125440 / 160145 (78%)] epoch=0.0000 dt=0.4059 running_loss=0.0189 batch_loss=0.0199 acc=0.0179 batch_acc=0.0703
[2022-11-22 12:29:23,033][ai4sci.trainer][INFO] - [0] [0/1: 128000 / 160145 (80%)] epoch=0.0000 dt=0.3781 running_loss=0.0192 batch_loss=0.0200 acc=0.0191 batch_acc=0.0742
[2022-11-22 12:29:27,412][ai4sci.trainer][INFO] - [0] [0/1: 130560 / 160145 (82%)] epoch=0.0000 dt=0.4531 running_loss=0.0195 batch_loss=0.0197 acc=0.0203 batch_acc=0.0898
[2022-11-22 12:29:31,881][ai4sci.trainer][INFO] - [0] [0/1: 133120 / 160145 (83%)] epoch=0.0000 dt=0.4417 running_loss=0.0198 batch_loss=0.0201 acc=0.0216 batch_acc=0.0820
[2022-11-22 12:29:36,240][ai4sci.trainer][INFO] - [0] [0/1: 135680 / 160145 (85%)] epoch=0.0000 dt=0.3833 running_loss=0.0202 batch_loss=0.0201 acc=0.0230 batch_acc=0.0977
[2022-11-22 12:29:40,747][ai4sci.trainer][INFO] - [0] [0/1: 138240 / 160145 (86%)] epoch=0.0000 dt=0.4696 running_loss=0.0205 batch_loss=0.0196 acc=0.0245 batch_acc=0.1172
[2022-11-22 12:29:45,645][ai4sci.trainer][INFO] - [0] [0/1: 140800 / 160145 (88%)] epoch=0.0000 dt=0.6345 running_loss=0.0208 batch_loss=0.0205 acc=0.0260 batch_acc=0.0703
[2022-11-22 12:29:49,886][ai4sci.trainer][INFO] - [0] [0/1: 143360 / 160145 (90%)] epoch=0.0000 dt=0.4076 running_loss=0.0211 batch_loss=0.0200 acc=0.0276 batch_acc=0.0977
[2022-11-22 12:29:54,309][ai4sci.trainer][INFO] - [0] [0/1: 145920 / 160145 (91%)] epoch=0.0000 dt=0.5092 running_loss=0.0214 batch_loss=0.0188 acc=0.0292 batch_acc=0.1133
[2022-11-22 12:29:58,630][ai4sci.trainer][INFO] - [0] [0/1: 148480 / 160145 (93%)] epoch=0.0000 dt=0.4113 running_loss=0.0217 batch_loss=0.0196 acc=0.0307 batch_acc=0.0586
[2022-11-22 12:30:02,876][ai4sci.trainer][INFO] - [0] [0/1: 151040 / 160145 (94%)] epoch=0.0000 dt=0.3896 running_loss=0.0220 batch_loss=0.0196 acc=0.0323 batch_acc=0.0664
[2022-11-22 12:30:07,382][ai4sci.trainer][INFO] - [0] [0/1: 153600 / 160145 (96%)] epoch=0.0000 dt=0.3686 running_loss=0.0223 batch_loss=0.0183 acc=0.0339 batch_acc=0.1328
[2022-11-22 12:30:11,893][ai4sci.trainer][INFO] - [0] [0/1: 156160 / 160145 (98%)] epoch=0.0000 dt=0.3728 running_loss=0.0226 batch_loss=0.0179 acc=0.0355 batch_acc=0.0977
[2022-11-22 12:30:16,363][ai4sci.trainer][INFO] - [0] [0/1: 158720 / 160145 (99%)] epoch=0.0000 dt=0.3661 running_loss=0.0229 batch_loss=0.0186 acc=0.0373 batch_acc=0.1133
[2022-11-22 12:30:18,113][__main__][INFO] - Total training time: 301.7246906757355 seconds
[2022-11-22 12:30:18,113][__main__][INFO] - Total training time: 301.72389125823975 seconds
[2022-11-22 12:30:18,113][__main__][INFO] - Total training time: 301.72473526000977 seconds
[2022-11-22 12:30:18,113][__main__][INFO] - Total training time: 301.72636365890503 seconds
[2022-11-22 12:30:18,113][__main__][INFO] - Total training time: 301.7244915962219 seconds
[2022-11-22 12:30:18,113][__main__][INFO] - Average time per epoch in the last 5: 296.9968316555023
[2022-11-22 12:30:18,113][__main__][INFO] - Average time per epoch in the last 5: 296.9998354911804
[2022-11-22 12:30:18,113][__main__][INFO] - Average time per epoch in the last 5: 296.9989869594574
[2022-11-22 12:30:18,113][__main__][INFO] - Average time per epoch in the last 5: 296.9991648197174
[2022-11-22 12:30:18,114][__main__][INFO] - Average time per epoch in the last 5: 297.000283241272
[2022-11-22 12:30:18,113][__main__][INFO] - Total training time: 301.7260551452637 seconds
[2022-11-22 12:30:18,113][__main__][INFO] - Total training time: 301.7252254486084 seconds
[2022-11-22 12:30:18,114][__main__][INFO] - Average time per epoch in the last 5: 296.99958062171936
[2022-11-22 12:30:18,114][__main__][INFO] - Average time per epoch in the last 5: 296.9985132217407
[2022-11-22 12:30:24,238][__main__][INFO] - -------------------
[2022-11-22 12:30:24,238][__main__][INFO] - [TEST] Accuracy: 0%
[2022-11-22 12:30:24,239][__main__][INFO] - -------------------
[2022-11-22 12:30:24,277][__main__][INFO] - ----------------------------
[2022-11-22 12:30:24,277][__main__][INFO] - [TRAIN]  loss=0.0029  acc=0%
[2022-11-22 12:30:24,277][__main__][INFO] - ----------------------------
[2022-11-22 12:30:24,862][__main__][INFO] - Total training time: 308.4750099182129 seconds
[2022-11-22 12:30:24,863][__main__][INFO] - Average time per epoch in the last 5: 296.99729585647583
